<?xml version="1.0" encoding="UTF-8"?>
<!-- Generated by org.testng.reporters.JUnitReportReporter -->
<testsuite hostname="DESKTOP-BB6LDD0" failures="0" tests="2" name="learning.MavenJava.Appium" time="0.000" errors="0" timestamp="2021-03-14T17:10:54 IST" skipped="0">
  <testcase classname="learning.MavenJava.Appium" name="fbtest" time="0.000"/>
  <system-out/>
  <testcase classname="learning.MavenJava.Appium" name="tweettest" time="0.000"/>
  <system-out/>
</testsuite> <!-- learning.MavenJava.Appium -->
