<?xml version="1.0" encoding="UTF-8"?>
<!-- Generated by org.testng.reporters.JUnitReportReporter -->
<testsuite hostname="DESKTOP-BB6LDD0" failures="0" tests="2" name="learning.MavenJava.Selenium" time="0.005" errors="0" timestamp="2021-03-14T17:10:54 IST" skipped="0">
  <testcase classname="learning.MavenJava.Selenium" name="BrowserAutomation" time="0.005"/>
  <system-out/>
  <testcase classname="learning.MavenJava.Selenium" name="testElements" time="0.000"/>
  <system-out/>
</testsuite> <!-- learning.MavenJava.Selenium -->
